#
# There is insufficient memory for the Java Runtime Environment to continue.
# Native memory allocation (malloc) failed to allocate 322416 bytes for Chunk::new
# Possible reasons:
#   The system is out of physical RAM or swap space
#   The process is running with CompressedOops enabled, and the Java Heap may be blocking the growth of the native heap
# Possible solutions:
#   Reduce memory load on the system
#   Increase physical memory or swap space
#   Check if swap backing store is full
#   Decrease Java heap size (-Xmx/-Xms)
#   Decrease number of Java threads
#   Decrease Java thread stack sizes (-Xss)
#   Set larger code cache with -XX:ReservedCodeCacheSize=
#   JVM is running with Unscaled Compressed Oops mode in which the Java heap is
#     placed in the first 4GB address space. The Java Heap base address is the
#     maximum limit for the native heap growth. Please use -XX:HeapBaseMinAddress
#     to set the Java Heap base and to place the Java Heap above 4GB virtual address.
# This output file may be truncated or incomplete.
#
#  Out of Memory Error (./src/hotspot/share/memory/arena.cpp:197), pid=25372, tid=23756
#
# JRE version: OpenJDK Runtime Environment (11.0.11+9) (build 11.0.11+9-b60-7590822)
# Java VM: OpenJDK 64-Bit Server VM (11.0.11+9-b60-7590822, mixed mode, tiered, compressed oops, g1 gc, windows-amd64)
# No core dump will be written. Minidumps are not enabled by default on client versions of Windows
#

---------------  S U M M A R Y ------------

Command Line: --add-opens=java.base/java.util=ALL-UNNAMED --add-opens=java.base/java.lang=ALL-UNNAMED --add-opens=java.base/java.lang.invoke=ALL-UNNAMED --add-opens=java.base/java.util=ALL-UNNAMED --add-opens=java.prefs/java.util.prefs=ALL-UNNAMED --add-opens=java.prefs/java.util.prefs=ALL-UNNAMED --add-opens=java.base/java.nio.charset=ALL-UNNAMED --add-opens=java.base/java.net=ALL-UNNAMED --add-opens=java.base/java.util.concurrent.atomic=ALL-UNNAMED -Xmx2048m -Dfile.encoding=UTF-8 -Duser.country=CA -Duser.language=en -Duser.variant org.gradle.launcher.daemon.bootstrap.GradleDaemon 7.2

Host: Intel(R) Core(TM) i5-1035G4 CPU @ 1.10GHz, 8 cores, 7G,  Windows 10 , 64 bit Build 19041 (10.0.19041.2364)
Time: Sun Jan  8 14:05:24 2023 Pacific Standard Time elapsed time: 20.425475 seconds (0d 0h 0m 20s)

---------------  T H R E A D  ---------------

Current thread (0x00000208fed57000):  JavaThread "C2 CompilerThread0" daemon [_thread_in_native, id=23756, stack(0x0000006461200000,0x0000006461300000)]


Current CompileTask:
C2:  20425 6458 %     4       sun.security.provider.SHA2::implCompress0 @ 3 (322 bytes)

Stack: [0x0000006461200000,0x0000006461300000]
Native frames: (J=compiled Java code, j=interpreted, Vv=VM code, C=native code)
V  [jvm.dll+0x5f214a]
V  [jvm.dll+0x726fb5]
V  [jvm.dll+0x7285cd]
V  [jvm.dll+0x728c83]
V  [jvm.dll+0x243278]
V  [jvm.dll+0xbc53c]
V  [jvm.dll+0xbca3c]
V  [jvm.dll+0x353e7d]
V  [jvm.dll+0x321893]
V  [jvm.dll+0x320d8a]
V  [jvm.dll+0x1fc1e2]
V  [jvm.dll+0x1fb3d4]
V  [jvm.dll+0x183d6c]
V  [jvm.dll+0x209a57]
V  [jvm.dll+0x2082a1]
V  [jvm.dll+0x6ef58f]
V  [jvm.dll+0x6e80b5]
V  [jvm.dll+0x5f1036]
C  [ucrtbase.dll+0x21bb2]
C  [KERNEL32.DLL+0x17614]
C  [ntdll.dll+0x526a1]


---------------  P R O C E S S  ---------------

Threads class SMR info:
_java_thread_list=0x0000020884b589b0, length=121, elements={
0x00000208e68ad800, 0x00000208fed35000, 0x00000208fed40800, 0x00000208fed4f000,
0x00000208fed4f800, 0x00000208fed50800, 0x00000208fed57000, 0x00000208fed64000,
0x00000208fed65000, 0x00000208ff811800, 0x0000020883d34800, 0x00000208836e3800,
0x00000208827ef000, 0x00000208826ab000, 0x00000208832e0800, 0x000002088352b800,
0x0000020883d51000, 0x0000020884094000, 0x0000020884328800, 0x0000020884225000,
0x0000020884224800, 0x0000020884227000, 0x0000020884226000, 0x0000020884227800,
0x0000020884222000, 0x0000020884228800, 0x0000020884222800, 0x0000020884223800,
0x000002088503f000, 0x000002088503d000, 0x000002088503c800, 0x000002088503f800,
0x0000020885043000, 0x000002088503e000, 0x0000020885044800, 0x0000020885045800,
0x0000020885046000, 0x0000020885041800, 0x000002088504b000, 0x0000020885048000,
0x0000020885047000, 0x0000020885048800, 0x0000020885049800, 0x000002088504a000,
0x0000020887744800, 0x0000020887745800, 0x0000020887742800, 0x0000020887741800,
0x0000020887746800, 0x0000020887748000, 0x0000020887747000, 0x0000020887749000,
0x0000020887743000, 0x0000020887749800, 0x0000020887744000, 0x000002088774d800,
0x000002088774d000, 0x0000020887750000, 0x000002088774a800, 0x000002088774b000,
0x000002088774e800, 0x000002088774f800, 0x000002088774c000, 0x00000208ff9a1800,
0x00000208ff9a3800, 0x00000208ff9a2800, 0x00000208ff9a0000, 0x00000208ff99d800,
0x00000208ff9a4000, 0x00000208ff99e800, 0x00000208ff9a5000, 0x00000208ff99f800,
0x00000208ff9a6000, 0x00000208ff9a6800, 0x00000208ff9a1000, 0x00000208ff9aa800,
0x00000208ff9a9000, 0x00000208ff9ab800, 0x00000208ff9ac800, 0x00000208ff9aa000,
0x00000208ff9a7800, 0x00000208ff9a8800, 0x0000020887731000, 0x0000020887734800,
0x0000020887733800, 0x0000020887735000, 0x0000020887732800, 0x0000020887736000,
0x0000020887737800, 0x0000020887732000, 0x0000020887739800, 0x000002088773c800,
0x000002088773a000, 0x0000020887737000, 0x000002088773e000, 0x0000020887738800,
0x0000020887740000, 0x000002088773f000, 0x000002088773d800, 0x000002088773b000,
0x000002088773b800, 0x0000020887658000, 0x000002088765e800, 0x000002088765b800,
0x000002088765a800, 0x000002088765c000, 0x000002088765d000, 0x000002088765e000,
0x0000020887659000, 0x000002088765f800, 0x0000020887659800, 0x0000020887661000,
0x0000020887662800, 0x0000020887665000, 0x0000020887662000, 0x0000020887663800,
0x0000020887664800, 0x0000020887660000, 0x0000020887666800, 0x0000020887666000,
0x000002088784e000
}

Java Threads: ( => current thread )
  0x00000208e68ad800 JavaThread "main" [_thread_blocked, id=20204, stack(0x0000006460600000,0x0000006460700000)]
  0x00000208fed35000 JavaThread "Reference Handler" daemon [_thread_blocked, id=3736, stack(0x0000006460d00000,0x0000006460e00000)]
  0x00000208fed40800 JavaThread "Finalizer" daemon [_thread_blocked, id=16944, stack(0x0000006460e00000,0x0000006460f00000)]
  0x00000208fed4f000 JavaThread "Signal Dispatcher" daemon [_thread_blocked, id=22988, stack(0x0000006460f00000,0x0000006461000000)]
  0x00000208fed4f800 JavaThread "Attach Listener" daemon [_thread_blocked, id=21484, stack(0x0000006461000000,0x0000006461100000)]
  0x00000208fed50800 JavaThread "Service Thread" daemon [_thread_blocked, id=15504, stack(0x0000006461100000,0x0000006461200000)]
=>0x00000208fed57000 JavaThread "C2 CompilerThread0" daemon [_thread_in_native, id=23756, stack(0x0000006461200000,0x0000006461300000)]
  0x00000208fed64000 JavaThread "C1 CompilerThread0" daemon [_thread_blocked, id=21444, stack(0x0000006461300000,0x0000006461400000)]
  0x00000208fed65000 JavaThread "Sweeper thread" daemon [_thread_blocked, id=24648, stack(0x0000006461400000,0x0000006461500000)]
  0x00000208ff811800 JavaThread "Common-Cleaner" daemon [_thread_blocked, id=9632, stack(0x0000006461500000,0x0000006461600000)]
  0x0000020883d34800 JavaThread "Daemon health stats" [_thread_blocked, id=24944, stack(0x0000006461a00000,0x0000006461b00000)]
  0x00000208836e3800 JavaThread "Incoming local TCP Connector on port 60955" [_thread_in_native, id=20440, stack(0x0000006461700000,0x0000006461800000)]
  0x00000208827ef000 JavaThread "Daemon periodic checks" [_thread_blocked, id=25240, stack(0x0000006461900000,0x0000006461a00000)]
  0x00000208826ab000 JavaThread "Daemon" [_thread_blocked, id=25172, stack(0x0000006461b00000,0x0000006461c00000)]
  0x00000208832e0800 JavaThread "Handler for socket connection from /127.0.0.1:60955 to /127.0.0.1:60956" [_thread_in_native, id=21056, stack(0x0000006461c00000,0x0000006461d00000)]
  0x000002088352b800 JavaThread "Cancel handler" [_thread_blocked, id=24036, stack(0x0000006461d00000,0x0000006461e00000)]
  0x0000020883d51000 JavaThread "Daemon worker" [_thread_in_native, id=21292, stack(0x0000006461e00000,0x0000006461f00000)]
  0x0000020884094000 JavaThread "Asynchronous log dispatcher for DefaultDaemonConnection: socket connection from /127.0.0.1:60955 to /127.0.0.1:60956" [_thread_blocked, id=25068, stack(0x0000006462000000,0x0000006462100000)]
  0x0000020884328800 JavaThread "Stdin handler" [_thread_blocked, id=10752, stack(0x0000006462100000,0x0000006462200000)]
  0x0000020884225000 JavaThread "Daemon client event forwarder" [_thread_blocked, id=21892, stack(0x0000006462200000,0x0000006462300000)]
  0x0000020884224800 JavaThread "Cache worker for journal cache (C:\Users\Arshd\.gradle\caches\journal-1)" [_thread_blocked, id=23720, stack(0x0000006462900000,0x0000006462a00000)]
  0x0000020884227000 JavaThread "File lock request listener" [_thread_in_native, id=21576, stack(0x0000006462a00000,0x0000006462b00000)]
  0x0000020884226000 JavaThread "Cache worker for file hash cache (C:\Users\Arshd\.gradle\caches\7.2\fileHashes)" [_thread_blocked, id=10216, stack(0x0000006462b00000,0x0000006462c00000)]
  0x0000020884227800 JavaThread "Cache worker for file hash cache (C:\Users\Arshd\AndroidStudioProjects\PROJECTS\TESTS\Fragment_Test\.gradle\7.2\fileHashes)" [_thread_blocked, id=13656, stack(0x0000006462d00000,0x0000006462e00000)]
  0x0000020884222000 JavaThread "File watcher server" daemon [_thread_in_native, id=22608, stack(0x0000006462e00000,0x0000006462f00000)]
  0x0000020884228800 JavaThread "File watcher consumer" daemon [_thread_blocked, id=14624, stack(0x0000006462f00000,0x0000006463000000)]
  0x0000020884222800 JavaThread "Cache worker for checksums cache (C:\Users\Arshd\AndroidStudioProjects\PROJECTS\TESTS\Fragment_Test\.gradle\checksums)" [_thread_blocked, id=24708, stack(0x0000006463000000,0x0000006463100000)]
  0x0000020884223800 JavaThread "Cache worker for cache directory md-supplier (C:\Users\Arshd\.gradle\caches\7.2\md-supplier)" [_thread_blocked, id=17124, stack(0x0000006463100000,0x0000006463200000)]
  0x000002088503f000 JavaThread "Cache worker for cache directory md-rule (C:\Users\Arshd\.gradle\caches\7.2\md-rule)" [_thread_blocked, id=19128, stack(0x0000006463200000,0x0000006463300000)]
  0x000002088503d000 JavaThread "Cache worker for execution history cache (C:\Users\Arshd\.gradle\caches\7.2\executionHistory)" [_thread_blocked, id=19040, stack(0x0000006463300000,0x0000006463400000)]
  0x000002088503c800 JavaThread "jar transforms" [_thread_blocked, id=8148, stack(0x0000006463400000,0x0000006463500000)]
  0x000002088503f800 JavaThread "Cache worker for file content cache (C:\Users\Arshd\.gradle\caches\7.2\fileContent)" [_thread_blocked, id=5648, stack(0x0000006463500000,0x0000006463600000)]
  0x0000020885043000 JavaThread "jar transforms Thread 2" [_thread_blocked, id=19528, stack(0x0000006463600000,0x0000006463700000)]
  0x000002088503e000 JavaThread "Cache worker for dependencies-accessors (C:\Users\Arshd\AndroidStudioProjects\PROJECTS\TESTS\Fragment_Test\.gradle\7.2\dependencies-accessors)" [_thread_blocked, id=2492, stack(0x0000006463700000,0x0000006463800000)]
  0x0000020885044800 JavaThread "jar transforms Thread 3" [_thread_blocked, id=21112, stack(0x0000006463800000,0x0000006463900000)]
  0x0000020885045800 JavaThread "Cache worker for Build Output Cleanup Cache (C:\Users\Arshd\AndroidStudioProjects\PROJECTS\TESTS\Fragment_Test\.gradle\buildOutputCleanup)" [_thread_blocked, id=21696, stack(0x0000006463900000,0x0000006463a00000)]
  0x0000020885046000 JavaThread "Unconstrained build operations" [_thread_blocked, id=4648, stack(0x0000006461f00000,0x0000006462000000)]
  0x0000020885041800 JavaThread "Unconstrained build operations Thread 2" [_thread_blocked, id=22436, stack(0x0000006463a00000,0x0000006463b00000)]
  0x000002088504b000 JavaThread "Unconstrained build operations Thread 3" [_thread_blocked, id=13248, stack(0x0000006463b00000,0x0000006463c00000)]
  0x0000020885048000 JavaThread "Unconstrained build operations Thread 4" [_thread_blocked, id=256, stack(0x0000006463c00000,0x0000006463d00000)]
  0x0000020885047000 JavaThread "Unconstrained build operations Thread 5" [_thread_blocked, id=19568, stack(0x0000006463d00000,0x0000006463e00000)]
  0x0000020885048800 JavaThread "Unconstrained build operations Thread 6" [_thread_blocked, id=23308, stack(0x0000006463e00000,0x0000006463f00000)]
  0x0000020885049800 JavaThread "Unconstrained build operations Thread 7" [_thread_blocked, id=14404, stack(0x0000006463f00000,0x0000006464000000)]
  0x000002088504a000 JavaThread "Unconstrained build operations Thread 8" [_thread_blocked, id=13024, stack(0x0000006464000000,0x0000006464100000)]
  0x0000020887744800 JavaThread "Unconstrained build operations Thread 9" [_thread_blocked, id=9884, stack(0x0000006464100000,0x0000006464200000)]
  0x0000020887745800 JavaThread "Unconstrained build operations Thread 10" [_thread_blocked, id=14684, stack(0x0000006464200000,0x0000006464300000)]
  0x0000020887742800 JavaThread "Unconstrained build operations Thread 11" [_thread_blocked, id=21668, stack(0x0000006464300000,0x0000006464400000)]
  0x0000020887741800 JavaThread "Unconstrained build operations Thread 12" [_thread_blocked, id=1460, stack(0x0000006464400000,0x0000006464500000)]
  0x0000020887746800 JavaThread "Unconstrained build operations Thread 13" [_thread_blocked, id=15424, stack(0x0000006464500000,0x0000006464600000)]
  0x0000020887748000 JavaThread "Unconstrained build operations Thread 14" [_thread_blocked, id=6592, stack(0x0000006464600000,0x0000006464700000)]
  0x0000020887747000 JavaThread "Unconstrained build operations Thread 15" [_thread_blocked, id=14660, stack(0x0000006464700000,0x0000006464800000)]
  0x0000020887749000 JavaThread "Unconstrained build operations Thread 16" [_thread_blocked, id=5888, stack(0x0000006464800000,0x0000006464900000)]
  0x0000020887743000 JavaThread "Unconstrained build operations Thread 17" [_thread_blocked, id=14116, stack(0x0000006464900000,0x0000006464a00000)]
  0x0000020887749800 JavaThread "Unconstrained build operations Thread 18" [_thread_blocked, id=25060, stack(0x0000006464a00000,0x0000006464b00000)]
  0x0000020887744000 JavaThread "Unconstrained build operations Thread 19" [_thread_blocked, id=22440, stack(0x0000006464b00000,0x0000006464c00000)]
  0x000002088774d800 JavaThread "Unconstrained build operations Thread 20" [_thread_blocked, id=8584, stack(0x0000006464c00000,0x0000006464d00000)]
  0x000002088774d000 JavaThread "Unconstrained build operations Thread 21" [_thread_blocked, id=4056, stack(0x0000006464d00000,0x0000006464e00000)]
  0x0000020887750000 JavaThread "Unconstrained build operations Thread 22" [_thread_blocked, id=25524, stack(0x0000006464e00000,0x0000006464f00000)]
  0x000002088774a800 JavaThread "Unconstrained build operations Thread 23" [_thread_blocked, id=19648, stack(0x0000006464f00000,0x0000006465000000)]
  0x000002088774b000 JavaThread "Unconstrained build operations Thread 24" [_thread_blocked, id=20816, stack(0x0000006465000000,0x0000006465100000)]
  0x000002088774e800 JavaThread "Unconstrained build operations Thread 25" [_thread_blocked, id=24744, stack(0x0000006465100000,0x0000006465200000)]
  0x000002088774f800 JavaThread "Unconstrained build operations Thread 26" [_thread_blocked, id=11404, stack(0x0000006465200000,0x0000006465300000)]
  0x000002088774c000 JavaThread "Unconstrained build operations Thread 27" [_thread_blocked, id=18312, stack(0x0000006465300000,0x0000006465400000)]
  0x00000208ff9a1800 JavaThread "Unconstrained build operations Thread 28" [_thread_blocked, id=15660, stack(0x0000006465400000,0x0000006465500000)]
  0x00000208ff9a3800 JavaThread "Unconstrained build operations Thread 29" [_thread_blocked, id=22816, stack(0x0000006465500000,0x0000006465600000)]
  0x00000208ff9a2800 JavaThread "Unconstrained build operations Thread 30" [_thread_blocked, id=15068, stack(0x0000006465600000,0x0000006465700000)]
  0x00000208ff9a0000 JavaThread "Unconstrained build operations Thread 31" [_thread_blocked, id=2488, stack(0x0000006465700000,0x0000006465800000)]
  0x00000208ff99d800 JavaThread "Unconstrained build operations Thread 32" [_thread_blocked, id=13888, stack(0x0000006465800000,0x0000006465900000)]
  0x00000208ff9a4000 JavaThread "Unconstrained build operations Thread 33" [_thread_blocked, id=14200, stack(0x0000006465900000,0x0000006465a00000)]
  0x00000208ff99e800 JavaThread "Unconstrained build operations Thread 34" [_thread_blocked, id=10572, stack(0x0000006465a00000,0x0000006465b00000)]
  0x00000208ff9a5000 JavaThread "Unconstrained build operations Thread 35" [_thread_blocked, id=23068, stack(0x0000006465b00000,0x0000006465c00000)]
  0x00000208ff99f800 JavaThread "Unconstrained build operations Thread 36" [_thread_blocked, id=16916, stack(0x0000006465c00000,0x0000006465d00000)]
  0x00000208ff9a6000 JavaThread "Unconstrained build operations Thread 37" [_thread_blocked, id=14032, stack(0x0000006465d00000,0x0000006465e00000)]
  0x00000208ff9a6800 JavaThread "Unconstrained build operations Thread 38" [_thread_blocked, id=19056, stack(0x0000006465e00000,0x0000006465f00000)]
  0x00000208ff9a1000 JavaThread "Unconstrained build operations Thread 39" [_thread_blocked, id=12508, stack(0x0000006465f00000,0x0000006466000000)]
  0x00000208ff9aa800 JavaThread "Unconstrained build operations Thread 40" [_thread_blocked, id=7560, stack(0x0000006466000000,0x0000006466100000)]
  0x00000208ff9a9000 JavaThread "Unconstrained build operations Thread 41" [_thread_blocked, id=1128, stack(0x0000006466100000,0x0000006466200000)]
  0x00000208ff9ab800 JavaThread "Unconstrained build operations Thread 42" [_thread_blocked, id=18020, stack(0x0000006466200000,0x0000006466300000)]
  0x00000208ff9ac800 JavaThread "Unconstrained build operations Thread 43" [_thread_blocked, id=8184, stack(0x0000006466300000,0x0000006466400000)]
  0x00000208ff9aa000 JavaThread "Unconstrained build operations Thread 44" [_thread_blocked, id=16360, stack(0x0000006466400000,0x0000006466500000)]
  0x00000208ff9a7800 JavaThread "Unconstrained build operations Thread 45" [_thread_blocked, id=11908, stack(0x0000006466500000,0x0000006466600000)]
  0x00000208ff9a8800 JavaThread "Unconstrained build operations Thread 46" [_thread_blocked, id=18816, stack(0x0000006466600000,0x0000006466700000)]
  0x0000020887731000 JavaThread "Unconstrained build operations Thread 47" [_thread_blocked, id=15920, stack(0x0000006466700000,0x0000006466800000)]
  0x0000020887734800 JavaThread "Unconstrained build operations Thread 48" [_thread_blocked, id=22484, stack(0x0000006466800000,0x0000006466900000)]
  0x0000020887733800 JavaThread "Unconstrained build operations Thread 49" [_thread_blocked, id=19172, stack(0x0000006466900000,0x0000006466a00000)]
  0x0000020887735000 JavaThread "Unconstrained build operations Thread 50" [_thread_blocked, id=8844, stack(0x0000006466a00000,0x0000006466b00000)]
  0x0000020887732800 JavaThread "Unconstrained build operations Thread 51" [_thread_blocked, id=11616, stack(0x0000006466b00000,0x0000006466c00000)]
  0x0000020887736000 JavaThread "Unconstrained build operations Thread 52" [_thread_blocked, id=19012, stack(0x0000006466c00000,0x0000006466d00000)]
  0x0000020887737800 JavaThread "Unconstrained build operations Thread 53" [_thread_blocked, id=23392, stack(0x0000006466d00000,0x0000006466e00000)]
  0x0000020887732000 JavaThread "Unconstrained build operations Thread 54" [_thread_blocked, id=20292, stack(0x0000006466e00000,0x0000006466f00000)]
  0x0000020887739800 JavaThread "Unconstrained build operations Thread 55" [_thread_blocked, id=7556, stack(0x0000006466f00000,0x0000006467000000)]
  0x000002088773c800 JavaThread "Unconstrained build operations Thread 56" [_thread_blocked, id=13800, stack(0x0000006467000000,0x0000006467100000)]
  0x000002088773a000 JavaThread "Unconstrained build operations Thread 57" [_thread_blocked, id=24464, stack(0x0000006467100000,0x0000006467200000)]
  0x0000020887737000 JavaThread "Unconstrained build operations Thread 58" [_thread_blocked, id=4172, stack(0x0000006467200000,0x0000006467300000)]
  0x000002088773e000 JavaThread "Unconstrained build operations Thread 59" [_thread_blocked, id=6916, stack(0x0000006467300000,0x0000006467400000)]
  0x0000020887738800 JavaThread "Unconstrained build operations Thread 60" [_thread_blocked, id=25196, stack(0x0000006467400000,0x0000006467500000)]
  0x0000020887740000 JavaThread "Unconstrained build operations Thread 61" [_thread_blocked, id=20072, stack(0x0000006467500000,0x0000006467600000)]
  0x000002088773f000 JavaThread "Unconstrained build operations Thread 62" [_thread_blocked, id=12868, stack(0x0000006467600000,0x0000006467700000)]
  0x000002088773d800 JavaThread "Unconstrained build operations Thread 63" [_thread_blocked, id=5956, stack(0x0000006467700000,0x0000006467800000)]
  0x000002088773b000 JavaThread "Unconstrained build operations Thread 64" [_thread_blocked, id=16812, stack(0x0000006467800000,0x0000006467900000)]
  0x000002088773b800 JavaThread "Unconstrained build operations Thread 65" [_thread_blocked, id=23116, stack(0x0000006467900000,0x0000006467a00000)]
  0x0000020887658000 JavaThread "Unconstrained build operations Thread 66" [_thread_blocked, id=8528, stack(0x0000006467a00000,0x0000006467b00000)]
  0x000002088765e800 JavaThread "Unconstrained build operations Thread 67" [_thread_blocked, id=17028, stack(0x0000006467b00000,0x0000006467c00000)]
  0x000002088765b800 JavaThread "Unconstrained build operations Thread 68" [_thread_blocked, id=20264, stack(0x0000006467c00000,0x0000006467d00000)]
  0x000002088765a800 JavaThread "Unconstrained build operations Thread 69" [_thread_blocked, id=11324, stack(0x0000006467d00000,0x0000006467e00000)]
  0x000002088765c000 JavaThread "Unconstrained build operations Thread 70" [_thread_blocked, id=14056, stack(0x0000006467e00000,0x0000006467f00000)]
  0x000002088765d000 JavaThread "Unconstrained build operations Thread 71" [_thread_blocked, id=16392, stack(0x0000006467f00000,0x0000006468000000)]
  0x000002088765e000 JavaThread "Unconstrained build operations Thread 72" [_thread_blocked, id=13844, stack(0x0000006468000000,0x0000006468100000)]
  0x0000020887659000 JavaThread "Unconstrained build operations Thread 73" [_thread_blocked, id=6664, stack(0x0000006468100000,0x0000006468200000)]
  0x000002088765f800 JavaThread "Unconstrained build operations Thread 74" [_thread_blocked, id=8128, stack(0x0000006468200000,0x0000006468300000)]
  0x0000020887659800 JavaThread "Unconstrained build operations Thread 75" [_thread_blocked, id=17788, stack(0x0000006468300000,0x0000006468400000)]
  0x0000020887661000 JavaThread "Unconstrained build operations Thread 76" [_thread_blocked, id=22260, stack(0x0000006468400000,0x0000006468500000)]
  0x0000020887662800 JavaThread "Unconstrained build operations Thread 77" [_thread_blocked, id=18700, stack(0x0000006468500000,0x0000006468600000)]
  0x0000020887665000 JavaThread "Unconstrained build operations Thread 78" [_thread_blocked, id=19900, stack(0x0000006468600000,0x0000006468700000)]
  0x0000020887662000 JavaThread "Unconstrained build operations Thread 79" [_thread_blocked, id=11272, stack(0x0000006468700000,0x0000006468800000)]
  0x0000020887663800 JavaThread "Unconstrained build operations Thread 80" [_thread_blocked, id=22572, stack(0x0000006468800000,0x0000006468900000)]
  0x0000020887664800 JavaThread "jar transforms Thread 4" [_thread_blocked, id=1480, stack(0x0000006468900000,0x0000006468a00000)]
  0x0000020887660000 JavaThread "jar transforms Thread 5" [_thread_blocked, id=22180, stack(0x0000006468a00000,0x0000006468b00000)]
  0x0000020887666800 JavaThread "jar transforms Thread 6" [_thread_blocked, id=21880, stack(0x0000006468b00000,0x0000006468c00000)]
  0x0000020887666000 JavaThread "jar transforms Thread 7" [_thread_blocked, id=11372, stack(0x0000006468c00000,0x0000006468d00000)]
  0x000002088784e000 JavaThread "jar transforms Thread 8" [_thread_blocked, id=24272, stack(0x0000006468d00000,0x0000006468e00000)]

Other Threads:
  0x00000208fed2f000 VMThread "VM Thread" [stack: 0x0000006460c00000,0x0000006460d00000] [id=18904]
  0x00000208ff833800 WatcherThread [stack: 0x0000006461600000,0x0000006461700000] [id=13340]
  0x00000208e68c5800 GCTaskThread "GC Thread#0" [stack: 0x0000006460700000,0x0000006460800000] [id=24600]
  0x0000020882ab9000 GCTaskThread "GC Thread#1" [stack: 0x0000006461800000,0x0000006461900000] [id=12616]
  0x0000020884168000 GCTaskThread "GC Thread#2" [stack: 0x0000006462300000,0x0000006462400000] [id=1764]
  0x0000020884868000 GCTaskThread "GC Thread#3" [stack: 0x0000006462400000,0x0000006462500000] [id=3076]
  0x0000020884869000 GCTaskThread "GC Thread#4" [stack: 0x0000006462500000,0x0000006462600000] [id=25504]
  0x000002088334d000 GCTaskThread "GC Thread#5" [stack: 0x0000006462600000,0x0000006462700000] [id=16276]
  0x000002088334e000 GCTaskThread "GC Thread#6" [stack: 0x0000006462700000,0x0000006462800000] [id=7744]
  0x000002088334e800 GCTaskThread "GC Thread#7" [stack: 0x0000006462800000,0x0000006462900000] [id=12784]
  0x00000208e68fa000 ConcurrentGCThread "G1 Main Marker" [stack: 0x0000006460800000,0x0000006460900000] [id=23712]
  0x00000208e68fb000 ConcurrentGCThread "G1 Conc#0" [stack: 0x0000006460900000,0x0000006460a00000] [id=10812]
  0x0000020883d1f000 ConcurrentGCThread "G1 Conc#1" [stack: 0x0000006462c00000,0x0000006462d00000] [id=22536]
  0x00000208e698c800 ConcurrentGCThread "G1 Refine#0" [stack: 0x0000006460a00000,0x0000006460b00000] [id=7028]
  0x00000208e698d800 ConcurrentGCThread "G1 Young RemSet Sampling" [stack: 0x0000006460b00000,0x0000006460c00000] [id=15524]

Threads with active compile tasks:
C2 CompilerThread0  20533 6458 %     4       sun.security.provider.SHA2::implCompress0 @ 3 (322 bytes)

VM state:not at safepoint (normal execution)

VM Mutex/Monitor currently owned by a thread: None

Heap address: 0x0000000080000000, size: 2048 MB, Compressed Oops mode: 32-bit
Narrow klass base: 0x0000000000000000, Narrow klass shift: 3
Compressed class space size: 1073741824 Address: 0x0000000100000000

Heap:
 garbage-first heap   total 181248K, used 88186K [0x0000000080000000, 0x0000000100000000)
  region size 1024K, 51 young (52224K), 5 survivors (5120K)
 Metaspace       used 48930K, capacity 50111K, committed 50176K, reserved 1093632K
  class space    used 6179K, capacity 6629K, committed 6656K, reserved 1048576K
Heap Regions: E=young(eden), S=young(survivor), O=old, HS=humongous(starts), HC=humongous(continues), CS=collection set, F=free, A=archive, TAMS=top-at-mark-start (previous, next)
|   0|0x0000000080000000, 0x0000000080100000, 0x0000000080100000|100%| O|  |TAMS 0x0000000080100000, 0x0000000080000000| Untracked 
|   1|0x0000000080100000, 0x0000000080200000, 0x0000000080200000|100%| O|  |TAMS 0x0000000080200000, 0x0000000080100000| Untracked 
|   2|0x0000000080200000, 0x0000000080300000, 0x0000000080300000|100%| O|  |TAMS 0x0000000080300000, 0x0000000080200000| Untracked 
|   3|0x0000000080300000, 0x0000000080400000, 0x0000000080400000|100%|HS|  |TAMS 0x0000000080400000, 0x0000000080300000| Complete 
|   4|0x0000000080400000, 0x0000000080500000, 0x0000000080500000|100%|HC|  |TAMS 0x0000000080500000, 0x0000000080400000| Complete 
|   5|0x0000000080500000, 0x0000000080600000, 0x0000000080600000|100%|HC|  |TAMS 0x0000000080600000, 0x0000000080500000| Complete 
|   6|0x0000000080600000, 0x0000000080700000, 0x0000000080700000|100%| O|  |TAMS 0x0000000080700000, 0x0000000080600000| Untracked 
|   7|0x0000000080700000, 0x0000000080800000, 0x0000000080800000|100%| O|  |TAMS 0x0000000080800000, 0x0000000080700000| Untracked 
|   8|0x0000000080800000, 0x0000000080900000, 0x0000000080900000|100%| O|  |TAMS 0x0000000080900000, 0x0000000080800000| Untracked 
|   9|0x0000000080900000, 0x0000000080a00000, 0x0000000080a00000|100%| O|  |TAMS 0x0000000080a00000, 0x0000000080900000| Untracked 
|  10|0x0000000080a00000, 0x0000000080b00000, 0x0000000080b00000|100%| O|  |TAMS 0x0000000080b00000, 0x0000000080a00000| Untracked 
|  11|0x0000000080b00000, 0x0000000080c00000, 0x0000000080c00000|100%| O|  |TAMS 0x0000000080c00000, 0x0000000080b00000| Untracked 
|  12|0x0000000080c00000, 0x0000000080d00000, 0x0000000080d00000|100%| O|  |TAMS 0x0000000080d00000, 0x0000000080c00000| Untracked 
|  13|0x0000000080d00000, 0x0000000080e00000, 0x0000000080e00000|100%| O|  |TAMS 0x0000000080e00000, 0x0000000080d00000| Untracked 
|  14|0x0000000080e00000, 0x0000000080f00000, 0x0000000080f00000|100%| O|  |TAMS 0x0000000080f00000, 0x0000000080e00000| Untracked 
|  15|0x0000000080f00000, 0x0000000081000000, 0x0000000081000000|100%| O|  |TAMS 0x0000000080fab600, 0x0000000080f00000| Untracked 
|  16|0x0000000081000000, 0x0000000081100000, 0x0000000081100000|100%| O|  |TAMS 0x0000000081000000, 0x0000000081000000| Untracked 
|  17|0x0000000081100000, 0x0000000081200000, 0x0000000081200000|100%| O|  |TAMS 0x0000000081100000, 0x0000000081100000| Untracked 
|  18|0x0000000081200000, 0x0000000081300000, 0x0000000081300000|100%| O|  |TAMS 0x0000000081200000, 0x0000000081200000| Untracked 
|  19|0x0000000081300000, 0x0000000081400000, 0x0000000081400000|100%| O|  |TAMS 0x0000000081300000, 0x0000000081300000| Untracked 
|  20|0x0000000081400000, 0x0000000081500000, 0x0000000081500000|100%| O|  |TAMS 0x0000000081400000, 0x0000000081400000| Untracked 
|  21|0x0000000081500000, 0x0000000081600000, 0x0000000081600000|100%| O|  |TAMS 0x0000000081500000, 0x0000000081500000| Untracked 
|  22|0x0000000081600000, 0x0000000081700000, 0x0000000081700000|100%| O|  |TAMS 0x0000000081600000, 0x0000000081600000| Untracked 
|  23|0x0000000081700000, 0x0000000081800000, 0x0000000081800000|100%| O|  |TAMS 0x0000000081700000, 0x0000000081700000| Untracked 
|  24|0x0000000081800000, 0x0000000081900000, 0x0000000081900000|100%| O|  |TAMS 0x0000000081800000, 0x0000000081800000| Untracked 
|  25|0x0000000081900000, 0x0000000081a00000, 0x0000000081a00000|100%| O|  |TAMS 0x0000000081900000, 0x0000000081900000| Untracked 
|  26|0x0000000081a00000, 0x0000000081b00000, 0x0000000081b00000|100%| O|  |TAMS 0x0000000081a00000, 0x0000000081a00000| Untracked 
|  27|0x0000000081b00000, 0x0000000081c00000, 0x0000000081c00000|100%| O|  |TAMS 0x0000000081b00000, 0x0000000081b00000| Untracked 
|  28|0x0000000081c00000, 0x0000000081d00000, 0x0000000081d00000|100%|HS|  |TAMS 0x0000000081c00000, 0x0000000081c00000| Complete 
|  29|0x0000000081d00000, 0x0000000081e00000, 0x0000000081e00000|100%|HC|  |TAMS 0x0000000081d00000, 0x0000000081d00000| Complete 
|  30|0x0000000081e00000, 0x0000000081f00000, 0x0000000081f00000|100%|HS|  |TAMS 0x0000000081e00000, 0x0000000081e00000| Complete 
|  31|0x0000000081f00000, 0x0000000082000000, 0x0000000082000000|100%| O|  |TAMS 0x0000000081f00000, 0x0000000081f00000| Untracked 
|  32|0x0000000082000000, 0x0000000082100000, 0x0000000082100000|100%| O|  |TAMS 0x0000000082000000, 0x0000000082000000| Untracked 
|  33|0x0000000082100000, 0x0000000082200000, 0x0000000082200000|100%| O|  |TAMS 0x0000000082100000, 0x0000000082100000| Untracked 
|  34|0x0000000082200000, 0x0000000082300000, 0x0000000082300000|100%| O|  |TAMS 0x0000000082200000, 0x0000000082200000| Untracked 
|  35|0x0000000082300000, 0x0000000082400000, 0x0000000082400000|100%|HS|  |TAMS 0x0000000082300000, 0x0000000082300000| Complete 
|  36|0x0000000082400000, 0x00000000824c7800, 0x0000000082500000| 77%| O|  |TAMS 0x0000000082400000, 0x0000000082400000| Untracked 
|  37|0x0000000082500000, 0x0000000082600000, 0x0000000082600000|100%|HS|  |TAMS 0x0000000082500000, 0x0000000082500000| Complete 
|  38|0x0000000082600000, 0x0000000082600000, 0x0000000082700000|  0%| F|  |TAMS 0x0000000082600000, 0x0000000082600000| Untracked 
|  39|0x0000000082700000, 0x0000000082700000, 0x0000000082800000|  0%| F|  |TAMS 0x0000000082700000, 0x0000000082700000| Untracked 
|  40|0x0000000082800000, 0x0000000082800000, 0x0000000082900000|  0%| F|  |TAMS 0x0000000082800000, 0x0000000082800000| Untracked 
|  41|0x0000000082900000, 0x0000000082900000, 0x0000000082a00000|  0%| F|  |TAMS 0x0000000082900000, 0x0000000082900000| Untracked 
|  42|0x0000000082a00000, 0x0000000082a00000, 0x0000000082b00000|  0%| F|  |TAMS 0x0000000082a00000, 0x0000000082a00000| Untracked 
|  43|0x0000000082b00000, 0x0000000082b00000, 0x0000000082c00000|  0%| F|  |TAMS 0x0000000082b00000, 0x0000000082b00000| Untracked 
|  44|0x0000000082c00000, 0x0000000082c00000, 0x0000000082d00000|  0%| F|  |TAMS 0x0000000082c00000, 0x0000000082c00000| Untracked 
|  45|0x0000000082d00000, 0x0000000082d00000, 0x0000000082e00000|  0%| F|  |TAMS 0x0000000082d00000, 0x0000000082d00000| Untracked 
|  46|0x0000000082e00000, 0x0000000082e00000, 0x0000000082f00000|  0%| F|  |TAMS 0x0000000082e00000, 0x0000000082e00000| Untracked 
|  47|0x0000000082f00000, 0x0000000082f00000, 0x0000000083000000|  0%| F|  |TAMS 0x0000000082f00000, 0x0000000082f00000| Untracked 
|  48|0x0000000083000000, 0x0000000083000000, 0x0000000083100000|  0%| F|  |TAMS 0x0000000083000000, 0x0000000083000000| Untracked 
|  49|0x0000000083100000, 0x0000000083100000, 0x0000000083200000|  0%| F|  |TAMS 0x0000000083100000, 0x0000000083100000| Untracked 
|  50|0x0000000083200000, 0x0000000083200000, 0x0000000083300000|  0%| F|  |TAMS 0x0000000083200000, 0x0000000083200000| Untracked 
|  51|0x0000000083300000, 0x0000000083300000, 0x0000000083400000|  0%| F|  |TAMS 0x0000000083300000, 0x0000000083300000| Untracked 
|  52|0x0000000083400000, 0x0000000083400000, 0x0000000083500000|  0%| F|  |TAMS 0x0000000083400000, 0x0000000083400000| Untracked 
|  53|0x0000000083500000, 0x0000000083500000, 0x0000000083600000|  0%| F|  |TAMS 0x0000000083500000, 0x0000000083500000| Untracked 
|  54|0x0000000083600000, 0x0000000083600000, 0x0000000083700000|  0%| F|  |TAMS 0x0000000083600000, 0x0000000083600000| Untracked 
|  55|0x0000000083700000, 0x0000000083700000, 0x0000000083800000|  0%| F|  |TAMS 0x0000000083700000, 0x0000000083700000| Untracked 
|  56|0x0000000083800000, 0x0000000083800000, 0x0000000083900000|  0%| F|  |TAMS 0x0000000083800000, 0x0000000083800000| Untracked 
|  57|0x0000000083900000, 0x0000000083900000, 0x0000000083a00000|  0%| F|  |TAMS 0x0000000083900000, 0x0000000083900000| Untracked 
|  58|0x0000000083a00000, 0x0000000083a00000, 0x0000000083b00000|  0%| F|  |TAMS 0x0000000083a00000, 0x0000000083a00000| Untracked 
|  59|0x0000000083b00000, 0x0000000083b00000, 0x0000000083c00000|  0%| F|  |TAMS 0x0000000083b00000, 0x0000000083b00000| Untracked 
|  60|0x0000000083c00000, 0x0000000083c00000, 0x0000000083d00000|  0%| F|  |TAMS 0x0000000083c00000, 0x0000000083c00000| Untracked 
|  61|0x0000000083d00000, 0x0000000083d00000, 0x0000000083e00000|  0%| F|  |TAMS 0x0000000083d00000, 0x0000000083d00000| Untracked 
|  62|0x0000000083e00000, 0x0000000083e00000, 0x0000000083f00000|  0%| F|  |TAMS 0x0000000083e00000, 0x0000000083e00000| Untracked 
|  63|0x0000000083f00000, 0x0000000083f00000, 0x0000000084000000|  0%| F|  |TAMS 0x0000000083f00000, 0x0000000083f00000| Untracked 
|  64|0x0000000084000000, 0x0000000084000000, 0x0000000084100000|  0%| F|  |TAMS 0x0000000084000000, 0x0000000084000000| Untracked 
|  65|0x0000000084100000, 0x0000000084100000, 0x0000000084200000|  0%| F|  |TAMS 0x0000000084100000, 0x0000000084100000| Untracked 
|  66|0x0000000084200000, 0x0000000084257280, 0x0000000084300000| 34%| S|CS|TAMS 0x0000000084200000, 0x0000000084200000| Complete 
|  67|0x0000000084300000, 0x0000000084400000, 0x0000000084400000|100%| S|CS|TAMS 0x0000000084300000, 0x0000000084300000| Complete 
|  68|0x0000000084400000, 0x0000000084500000, 0x0000000084500000|100%| S|CS|TAMS 0x0000000084400000, 0x0000000084400000| Complete 
|  69|0x0000000084500000, 0x0000000084600000, 0x0000000084600000|100%| S|CS|TAMS 0x0000000084500000, 0x0000000084500000| Complete 
|  70|0x0000000084600000, 0x0000000084700000, 0x0000000084700000|100%| S|CS|TAMS 0x0000000084600000, 0x0000000084600000| Complete 
|  71|0x0000000084700000, 0x0000000084700000, 0x0000000084800000|  0%| F|  |TAMS 0x0000000084700000, 0x0000000084700000| Untracked 
|  72|0x0000000084800000, 0x0000000084800000, 0x0000000084900000|  0%| F|  |TAMS 0x0000000084800000, 0x0000000084800000| Untracked 
|  73|0x0000000084900000, 0x0000000084900000, 0x0000000084a00000|  0%| F|  |TAMS 0x0000000084900000, 0x0000000084900000| Untracked 
|  74|0x0000000084a00000, 0x0000000084a00000, 0x0000000084b00000|  0%| F|  |TAMS 0x0000000084a00000, 0x0000000084a00000| Untracked 
|  75|0x0000000084b00000, 0x0000000084b00000, 0x0000000084c00000|  0%| F|  |TAMS 0x0000000084b00000, 0x0000000084b00000| Untracked 
|  76|0x0000000084c00000, 0x0000000084c00000, 0x0000000084d00000|  0%| F|  |TAMS 0x0000000084c00000, 0x0000000084c00000| Untracked 
|  77|0x0000000084d00000, 0x0000000084d00000, 0x0000000084e00000|  0%| F|  |TAMS 0x0000000084d00000, 0x0000000084d00000| Untracked 
|  78|0x0000000084e00000, 0x0000000084e00000, 0x0000000084f00000|  0%| F|  |TAMS 0x0000000084e00000, 0x0000000084e00000| Untracked 
|  79|0x0000000084f00000, 0x0000000084f00000, 0x0000000085000000|  0%| F|  |TAMS 0x0000000084f00000, 0x0000000084f00000| Untracked 
|  80|0x0000000085000000, 0x0000000085000000, 0x0000000085100000|  0%| F|  |TAMS 0x0000000085000000, 0x0000000085000000| Untracked 
|  81|0x0000000085100000, 0x0000000085100000, 0x0000000085200000|  0%| F|  |TAMS 0x0000000085100000, 0x0000000085100000| Untracked 
|  82|0x0000000085200000, 0x0000000085200000, 0x0000000085300000|  0%| F|  |TAMS 0x0000000085200000, 0x0000000085200000| Untracked 
|  83|0x0000000085300000, 0x0000000085300000, 0x0000000085400000|  0%| F|  |TAMS 0x0000000085300000, 0x0000000085300000| Untracked 
|  84|0x0000000085400000, 0x0000000085400000, 0x0000000085500000|  0%| F|  |TAMS 0x0000000085400000, 0x0000000085400000| Untracked 
|  85|0x0000000085500000, 0x0000000085500000, 0x0000000085600000|  0%| F|  |TAMS 0x0000000085500000, 0x0000000085500000| Untracked 
|  86|0x0000000085600000, 0x0000000085600000, 0x0000000085700000|  0%| F|  |TAMS 0x0000000085600000, 0x0000000085600000| Untracked 
|  87|0x0000000085700000, 0x0000000085700000, 0x0000000085800000|  0%| F|  |TAMS 0x0000000085700000, 0x0000000085700000| Untracked 
|  88|0x0000000085800000, 0x0000000085800000, 0x0000000085900000|  0%| F|  |TAMS 0x0000000085800000, 0x0000000085800000| Untracked 
|  89|0x0000000085900000, 0x0000000085900000, 0x0000000085a00000|  0%| F|  |TAMS 0x0000000085900000, 0x0000000085900000| Untracked 
|  90|0x0000000085a00000, 0x0000000085a00000, 0x0000000085b00000|  0%| F|  |TAMS 0x0000000085a00000, 0x0000000085a00000| Untracked 
|  91|0x0000000085b00000, 0x0000000085b00000, 0x0000000085c00000|  0%| F|  |TAMS 0x0000000085b00000, 0x0000000085b00000| Untracked 
|  92|0x0000000085c00000, 0x0000000085c00000, 0x0000000085d00000|  0%| F|  |TAMS 0x0000000085c00000, 0x0000000085c00000| Untracked 
|  93|0x0000000085d00000, 0x0000000085d00000, 0x0000000085e00000|  0%| F|  |TAMS 0x0000000085d00000, 0x0000000085d00000| Untracked 
|  94|0x0000000085e00000, 0x0000000085e00000, 0x0000000085f00000|  0%| F|  |TAMS 0x0000000085e00000, 0x0000000085e00000| Untracked 
|  95|0x0000000085f00000, 0x0000000085f00000, 0x0000000086000000|  0%| F|  |TAMS 0x0000000085f00000, 0x0000000085f00000| Untracked 
|  96|0x0000000086000000, 0x0000000086000000, 0x0000000086100000|  0%| F|  |TAMS 0x0000000086000000, 0x0000000086000000| Untracked 
|  97|0x0000000086100000, 0x0000000086100000, 0x0000000086200000|  0%| F|  |TAMS 0x0000000086100000, 0x0000000086100000| Untracked 
|  98|0x0000000086200000, 0x0000000086200000, 0x0000000086300000|  0%| F|  |TAMS 0x0000000086200000, 0x0000000086200000| Untracked 
|  99|0x0000000086300000, 0x0000000086300000, 0x0000000086400000|  0%| F|  |TAMS 0x0000000086300000, 0x0000000086300000| Untracked 
| 100|0x0000000086400000, 0x0000000086400000, 0x0000000086500000|  0%| F|  |TAMS 0x0000000086400000, 0x0000000086400000| Untracked 
| 101|0x0000000086500000, 0x0000000086500000, 0x0000000086600000|  0%| F|  |TAMS 0x0000000086500000, 0x0000000086500000| Untracked 
| 102|0x0000000086600000, 0x0000000086600000, 0x0000000086700000|  0%| F|  |TAMS 0x0000000086600000, 0x0000000086600000| Untracked 
| 103|0x0000000086700000, 0x0000000086700000, 0x0000000086800000|  0%| F|  |TAMS 0x0000000086700000, 0x0000000086700000| Untracked 
| 104|0x0000000086800000, 0x0000000086800000, 0x0000000086900000|  0%| F|  |TAMS 0x0000000086800000, 0x0000000086800000| Untracked 
| 105|0x0000000086900000, 0x0000000086900000, 0x0000000086a00000|  0%| F|  |TAMS 0x0000000086900000, 0x0000000086900000| Untracked 
| 106|0x0000000086a00000, 0x0000000086a00000, 0x0000000086b00000|  0%| F|  |TAMS 0x0000000086a00000, 0x0000000086a00000| Untracked 
| 107|0x0000000086b00000, 0x0000000086b00000, 0x0000000086c00000|  0%| F|  |TAMS 0x0000000086b00000, 0x0000000086b00000| Untracked 
| 108|0x0000000086c00000, 0x0000000086c00000, 0x0000000086d00000|  0%| F|  |TAMS 0x0000000086c00000, 0x0000000086c00000| Untracked 
| 109|0x0000000086d00000, 0x0000000086d00000, 0x0000000086e00000|  0%| F|  |TAMS 0x0000000086d00000, 0x0000000086d00000| Untracked 
| 110|0x0000000086e00000, 0x0000000086e00000, 0x0000000086f00000|  0%| F|  |TAMS 0x0000000086e00000, 0x0000000086e00000| Untracked 
| 111|0x0000000086f00000, 0x0000000086f00000, 0x0000000087000000|  0%| F|  |TAMS 0x0000000086f00000, 0x0000000086f00000| Untracked 
| 112|0x0000000087000000, 0x0000000087000000, 0x0000000087100000|  0%| F|  |TAMS 0x0000000087000000, 0x0000000087000000| Untracked 
| 113|0x0000000087100000, 0x0000000087100000, 0x0000000087200000|  0%| F|  |TAMS 0x0000000087100000, 0x0000000087100000| Untracked 
| 114|0x0000000087200000, 0x0000000087200000, 0x0000000087300000|  0%| F|  |TAMS 0x0000000087200000, 0x0000000087200000| Untracked 
| 115|0x0000000087300000, 0x0000000087300000, 0x0000000087400000|  0%| F|  |TAMS 0x0000000087300000, 0x0000000087300000| Untracked 
| 116|0x0000000087400000, 0x0000000087400000, 0x0000000087500000|  0%| F|  |TAMS 0x0000000087400000, 0x0000000087400000| Untracked 
| 117|0x0000000087500000, 0x0000000087500000, 0x0000000087600000|  0%| F|  |TAMS 0x0000000087500000, 0x0000000087500000| Untracked 
| 118|0x0000000087600000, 0x0000000087600000, 0x0000000087700000|  0%| F|  |TAMS 0x0000000087600000, 0x0000000087600000| Untracked 
| 119|0x0000000087700000, 0x0000000087700000, 0x0000000087800000|  0%| F|  |TAMS 0x0000000087700000, 0x0000000087700000| Untracked 
| 120|0x0000000087800000, 0x0000000087800000, 0x0000000087900000|  0%| F|  |TAMS 0x0000000087800000, 0x0000000087800000| Untracked 
| 121|0x0000000087900000, 0x0000000087900000, 0x0000000087a00000|  0%| F|  |TAMS 0x0000000087900000, 0x0000000087900000| Untracked 
| 122|0x0000000087a00000, 0x0000000087a00000, 0x0000000087b00000|  0%| F|  |TAMS 0x0000000087a00000, 0x0000000087a00000| Untracked 
| 123|0x0000000087b00000, 0x0000000087b00000, 0x0000000087c00000|  0%| F|  |TAMS 0x0000000087b00000, 0x0000000087b00000| Untracked 
| 124|0x0000000087c00000, 0x0000000087c00000, 0x0000000087d00000|  0%| F|  |TAMS 0x0000000087c00000, 0x0000000087c00000| Untracked 
| 125|0x0000000087d00000, 0x0000000087d00000, 0x0000000087e00000|  0%| F|  |TAMS 0x0000000087d00000, 0x0000000087d00000| Untracked 
| 126|0x0000000087e00000, 0x0000000087e00000, 0x0000000087f00000|  0%| F|  |TAMS 0x0000000087e00000, 0x0000000087e00000| Untracked 
| 127|0x0000000087f00000, 0x0000000087f00000, 0x0000000088000000|  0%| F|  |TAMS 0x0000000087f00000, 0x0000000087f00000| Untracked 
| 128|0x0000000088000000, 0x0000000088000000, 0x0000000088100000|  0%| F|  |TAMS 0x0000000088000000, 0x0000000088000000| Untracked 
| 129|0x0000000088100000, 0x0000000088100000, 0x0000000088200000|  0%| F|  |TAMS 0x0000000088100000, 0x0000000088100000| Untracked 
| 130|0x0000000088200000, 0x0000000088280800, 0x0000000088300000| 50%| E|  |TAMS 0x0000000088200000, 0x0000000088200000| Complete 
| 131|0x0000000088300000, 0x0000000088400000, 0x0000000088400000|100%| E|CS|TAMS 0x0000000088300000, 0x0000000088300000| Complete 
| 132|0x0000000088400000, 0x0000000088500000, 0x0000000088500000|100%| E|CS|TAMS 0x0000000088400000, 0x0000000088400000| Complete 
| 133|0x0000000088500000, 0x0000000088600000, 0x0000000088600000|100%| E|CS|TAMS 0x0000000088500000, 0x0000000088500000| Complete 
| 134|0x0000000088600000, 0x0000000088700000, 0x0000000088700000|100%| E|CS|TAMS 0x0000000088600000, 0x0000000088600000| Complete 
| 135|0x0000000088700000, 0x0000000088800000, 0x0000000088800000|100%| E|CS|TAMS 0x0000000088700000, 0x0000000088700000| Complete 
| 136|0x0000000088800000, 0x0000000088900000, 0x0000000088900000|100%| E|CS|TAMS 0x0000000088800000, 0x0000000088800000| Complete 
| 137|0x0000000088900000, 0x0000000088a00000, 0x0000000088a00000|100%| E|CS|TAMS 0x0000000088900000, 0x0000000088900000| Complete 
| 138|0x0000000088a00000, 0x0000000088b00000, 0x0000000088b00000|100%| E|  |TAMS 0x0000000088a00000, 0x0000000088a00000| Complete 
| 139|0x0000000088b00000, 0x0000000088c00000, 0x0000000088c00000|100%| E|CS|TAMS 0x0000000088b00000, 0x0000000088b00000| Complete 
| 140|0x0000000088c00000, 0x0000000088d00000, 0x0000000088d00000|100%| E|CS|TAMS 0x0000000088c00000, 0x0000000088c00000| Complete 
| 141|0x0000000088d00000, 0x0000000088e00000, 0x0000000088e00000|100%| E|CS|TAMS 0x0000000088d00000, 0x0000000088d00000| Complete 
| 142|0x0000000088e00000, 0x0000000088f00000, 0x0000000088f00000|100%| E|CS|TAMS 0x0000000088e00000, 0x0000000088e00000| Complete 
| 143|0x0000000088f00000, 0x0000000089000000, 0x0000000089000000|100%| E|CS|TAMS 0x0000000088f00000, 0x0000000088f00000| Complete 
| 144|0x0000000089000000, 0x0000000089100000, 0x0000000089100000|100%| E|CS|TAMS 0x0000000089000000, 0x0000000089000000| Complete 
| 145|0x0000000089100000, 0x0000000089200000, 0x0000000089200000|100%| E|CS|TAMS 0x0000000089100000, 0x0000000089100000| Complete 
| 146|0x0000000089200000, 0x0000000089300000, 0x0000000089300000|100%| E|CS|TAMS 0x0000000089200000, 0x0000000089200000| Complete 
| 147|0x0000000089300000, 0x0000000089400000, 0x0000000089400000|100%| E|CS|TAMS 0x0000000089300000, 0x0000000089300000| Complete 
| 148|0x0000000089400000, 0x0000000089500000, 0x0000000089500000|100%| E|CS|TAMS 0x0000000089400000, 0x0000000089400000| Complete 
| 149|0x0000000089500000, 0x0000000089600000, 0x0000000089600000|100%| E|CS|TAMS 0x0000000089500000, 0x0000000089500000| Complete 
| 150|0x0000000089600000, 0x0000000089700000, 0x0000000089700000|100%| E|CS|TAMS 0x0000000089600000, 0x0000000089600000| Complete 
| 151|0x0000000089700000, 0x0000000089800000, 0x0000000089800000|100%| E|CS|TAMS 0x0000000089700000, 0x0000000089700000| Complete 
| 152|0x0000000089800000, 0x0000000089900000, 0x0000000089900000|100%| E|CS|TAMS 0x0000000089800000, 0x0000000089800000| Complete 
| 153|0x0000000089900000, 0x0000000089a00000, 0x0000000089a00000|100%| E|CS|TAMS 0x0000000089900000, 0x0000000089900000| Complete 
| 154|0x0000000089a00000, 0x0000000089b00000, 0x0000000089b00000|100%| E|CS|TAMS 0x0000000089a00000, 0x0000000089a00000| Complete 
| 155|0x0000000089b00000, 0x0000000089c00000, 0x0000000089c00000|100%| E|CS|TAMS 0x0000000089b00000, 0x0000000089b00000| Complete 
| 156|0x0000000089c00000, 0x0000000089d00000, 0x0000000089d00000|100%| E|CS|TAMS 0x0000000089c00000, 0x0000000089c00000| Complete 
| 157|0x0000000089d00000, 0x0000000089e00000, 0x0000000089e00000|100%| E|CS|TAMS 0x0000000089d00000, 0x0000000089d00000| Complete 
| 158|0x0000000089e00000, 0x0000000089f00000, 0x0000000089f00000|100%| E|CS|TAMS 0x0000000089e00000, 0x0000000089e00000| Complete 
| 159|0x0000000089f00000, 0x000000008a000000, 0x000000008a000000|100%| E|CS|TAMS 0x0000000089f00000, 0x0000000089f00000| Complete 
| 160|0x000000008a000000, 0x000000008a100000, 0x000000008a100000|100%| E|CS|TAMS 0x000000008a000000, 0x000000008a000000| Complete 
| 161|0x000000008a100000, 0x000000008a200000, 0x000000008a200000|100%| E|CS|TAMS 0x000000008a100000, 0x000000008a100000| Complete 
| 162|0x000000008a200000, 0x000000008a300000, 0x000000008a300000|100%| E|CS|TAMS 0x000000008a200000, 0x000000008a200000| Complete 
| 163|0x000000008a300000, 0x000000008a400000, 0x000000008a400000|100%| E|CS|TAMS 0x000000008a300000, 0x000000008a300000| Complete 
| 164|0x000000008a400000, 0x000000008a500000, 0x000000008a500000|100%| E|CS|TAMS 0x000000008a400000, 0x000000008a400000| Complete 
| 165|0x000000008a500000, 0x000000008a600000, 0x000000008a600000|100%| E|CS|TAMS 0x000000008a500000, 0x000000008a500000| Complete 
| 166|0x000000008a600000, 0x000000008a700000, 0x000000008a700000|100%| E|CS|TAMS 0x000000008a600000, 0x000000008a600000| Complete 
| 167|0x000000008a700000, 0x000000008a800000, 0x000000008a800000|100%| E|CS|TAMS 0x000000008a700000, 0x000000008a700000| Complete 
| 168|0x000000008a800000, 0x000000008a900000, 0x000000008a900000|100%| E|CS|TAMS 0x000000008a800000, 0x000000008a800000| Complete 
| 169|0x000000008a900000, 0x000000008aa00000, 0x000000008aa00000|100%| E|CS|TAMS 0x000000008a900000, 0x000000008a900000| Complete 
| 170|0x000000008aa00000, 0x000000008ab00000, 0x000000008ab00000|100%| E|CS|TAMS 0x000000008aa00000, 0x000000008aa00000| Complete 
| 171|0x000000008ab00000, 0x000000008ac00000, 0x000000008ac00000|100%| E|CS|TAMS 0x000000008ab00000, 0x000000008ab00000| Complete 
| 172|0x000000008ac00000, 0x000000008ad00000, 0x000000008ad00000|100%| E|CS|TAMS 0x000000008ac00000, 0x000000008ac00000| Complete 
| 173|0x000000008ad00000, 0x000000008ae00000, 0x000000008ae00000|100%| E|CS|TAMS 0x000000008ad00000, 0x000000008ad00000| Complete 
| 174|0x000000008ae00000, 0x000000008af00000, 0x000000008af00000|100%| E|CS|TAMS 0x000000008ae00000, 0x000000008ae00000| Complete 
| 175|0x000000008af00000, 0x000000008b000000, 0x000000008b000000|100%| E|CS|TAMS 0x000000008af00000, 0x000000008af00000| Complete 
| 176|0x000000008b000000, 0x000000008b100000, 0x000000008b100000|100%| E|CS|TAMS 0x000000008b000000, 0x000000008b000000| Complete 

Card table byte_map: [0x00000208f9ae0000,0x00000208f9ee0000] _byte_map_base: 0x00000208f96e0000

Marking Bits (Prev, Next): (CMBitMap*) 0x00000208e68f14d8, (CMBitMap*) 0x00000208e68f1510
 Prev Bits: [0x00000208fa2e0000, 0x00000208fc2e0000)
 Next Bits: [0x00000208fc2e0000, 0x00000208fe2e0000)

Polling page: 0x00000208e6090000

Metaspace:

Usage:
  Non-class:     42.46 MB capacity,    41.75 MB ( 98%) used,   602.35 KB (  1%) free+waste,   128.44 KB ( <1%) overhead. 
      Class:      6.47 MB capacity,     6.03 MB ( 93%) used,   389.32 KB (  6%) free+waste,    60.56 KB ( <1%) overhead. 
       Both:     48.94 MB capacity,    47.78 MB ( 98%) used,   991.67 KB (  2%) free+waste,   189.00 KB ( <1%) overhead. 

Virtual space:
  Non-class space:       44.00 MB reserved,      42.50 MB ( 97%) committed 
      Class space:        1.00 GB reserved,       6.50 MB ( <1%) committed 
             Both:        1.04 GB reserved,      49.00 MB (  5%) committed 

Chunk freelists:
   Non-Class:  38.00 KB
       Class:  27.00 KB
        Both:  65.00 KB

MaxMetaspaceSize: 17179869184.00 GB
CompressedClassSpaceSize: 1.00 GB

CodeHeap 'non-profiled nmethods': size=120000Kb used=5054Kb max_used=5054Kb free=114945Kb
 bounds [0x00000208f1e80000, 0x00000208f2370000, 0x00000208f93b0000]
CodeHeap 'profiled nmethods': size=120000Kb used=13799Kb max_used=13799Kb free=106200Kb
 bounds [0x00000208ea950000, 0x00000208eb6d0000, 0x00000208f1e80000]
CodeHeap 'non-nmethods': size=5760Kb used=2234Kb max_used=2322Kb free=3525Kb
 bounds [0x00000208ea3b0000, 0x00000208ea620000, 0x00000208ea950000]
 total_blobs=7253 nmethods=6458 adapters=706
 compilation: enabled
              stopped_count=0, restarted_count=0
 full_count=0

Compilation events (20 events):
Event: 20.381 Thread 0x00000208fed64000 nmethod 6454 0x00000208f236e510 code [0x00000208f236e6c0, 0x00000208f236e758]
Event: 20.381 Thread 0x00000208fed64000 6455       1       org.gradle.internal.fingerprint.classpath.impl.ClasspathFingerprintingStrategy$ClasspathFingerprintingVisitor::access$400 (5 bytes)
Event: 20.381 Thread 0x00000208fed64000 nmethod 6455 0x00000208f236e810 code [0x00000208f236e9c0, 0x00000208f236ea58]
Event: 20.389 Thread 0x00000208fed57000 nmethod 6457% 0x00000208f236eb10 code [0x00000208f236ecc0, 0x00000208f236f578]
Event: 20.393 Thread 0x00000208fed57000 6458 %     4       sun.security.provider.SHA2::implCompress0 @ 3 (322 bytes)
Event: 20.401 Thread 0x00000208fed64000 6460   !   3       java.nio.channels.spi.AbstractInterruptibleChannel::close (37 bytes)
Event: 20.401 Thread 0x00000208fed64000 nmethod 6460 0x00000208eb6aca90 code [0x00000208eb6acc60, 0x00000208eb6ad068]
Event: 20.401 Thread 0x00000208fed64000 6462       3       org.gradle.internal.classpath.InstrumentingTransformer$InstrumentingMethodVisitor::visitINVOKESTATIC (504 bytes)
Event: 20.407 Thread 0x00000208fed64000 nmethod 6462 0x00000208eb6ad190 code [0x00000208eb6ae020, 0x00000208eb6b6da8]
Event: 20.414 Thread 0x00000208fed64000 6465       3       sun.reflect.generics.reflectiveObjects.LazyReflectiveObjectGenerator::reifyBounds (51 bytes)
Event: 20.415 Thread 0x00000208fed64000 nmethod 6465 0x00000208eb6b9e10 code [0x00000208eb6ba020, 0x00000208eb6ba848]
Event: 20.415 Thread 0x00000208fed64000 6471       3       org.gradle.internal.instantiation.generator.AbstractClassGenerator$AbstractInjectedPropertyHandler::claimPropertyImplementation (61 bytes)
Event: 20.415 Thread 0x00000208fed64000 nmethod 6471 0x00000208eb6bab10 code [0x00000208eb6badc0, 0x00000208eb6bba88]
Event: 20.415 Thread 0x00000208fed64000 6470       3       org.gradle.internal.instantiation.generator.AbstractClassGenerator$ManagedPropertiesHandler::claimPropertyImplementation (141 bytes)
Event: 20.416 Thread 0x00000208fed64000 nmethod 6470 0x00000208eb6bbe90 code [0x00000208eb6bc1a0, 0x00000208eb6bd458]
Event: 20.416 Thread 0x00000208fed64000 6466       3       org.gradle.internal.instantiation.generator.AbstractClassGenerator$ExtensibleTypePropertyHandler::claimPropertyImplementation (95 bytes)
Event: 20.416 Thread 0x00000208fed64000 nmethod 6466 0x00000208eb6bd910 code [0x00000208eb6bdb80, 0x00000208eb6be478]
Event: 20.416 Thread 0x00000208fed64000 6467       3       org.gradle.internal.instantiation.generator.AbstractClassGenerator$DslMixInPropertyType::claimPropertyImplementation (21 bytes)
Event: 20.416 Thread 0x00000208fed64000 nmethod 6467 0x00000208eb6be790 code [0x00000208eb6be960, 0x00000208eb6beb28]
Event: 20.416 Thread 0x00000208fed64000 6468       3       org.gradle.internal.instantiation.generator.AbstractClassGenerator$ServicesPropertyHandler::claimPropertyImplementation (40 bytes)

GC Heap History (20 events):
Event: 13.896 GC heap before
{Heap before GC invocations=32 (full 0):
 garbage-first heap   total 181248K, used 144562K [0x0000000080000000, 0x0000000100000000)
  region size 1024K, 106 young (108544K), 3 survivors (3072K)
 Metaspace       used 48671K, capacity 49834K, committed 49920K, reserved 1093632K
  class space    used 6156K, capacity 6585K, committed 6656K, reserved 1048576K
}
Event: 13.898 GC heap after
{Heap after GC invocations=33 (full 0):
 garbage-first heap   total 181248K, used 38243K [0x0000000080000000, 0x0000000100000000)
  region size 1024K, 3 young (3072K), 3 survivors (3072K)
 Metaspace       used 48671K, capacity 49834K, committed 49920K, reserved 1093632K
  class space    used 6156K, capacity 6585K, committed 6656K, reserved 1048576K
}
Event: 14.083 GC heap before
{Heap before GC invocations=33 (full 0):
 garbage-first heap   total 181248K, used 143715K [0x0000000080000000, 0x0000000100000000)
  region size 1024K, 106 young (108544K), 3 survivors (3072K)
 Metaspace       used 48677K, capacity 49836K, committed 49920K, reserved 1093632K
  class space    used 6156K, capacity 6585K, committed 6656K, reserved 1048576K
}
Event: 14.084 GC heap after
{Heap after GC invocations=34 (full 0):
 garbage-first heap   total 181248K, used 38474K [0x0000000080000000, 0x0000000100000000)
  region size 1024K, 3 young (3072K), 3 survivors (3072K)
 Metaspace       used 48677K, capacity 49836K, committed 49920K, reserved 1093632K
  class space    used 6156K, capacity 6585K, committed 6656K, reserved 1048576K
}
Event: 14.278 GC heap before
{Heap before GC invocations=34 (full 0):
 garbage-first heap   total 181248K, used 142922K [0x0000000080000000, 0x0000000100000000)
  region size 1024K, 106 young (108544K), 3 survivors (3072K)
 Metaspace       used 48679K, capacity 49836K, committed 49920K, reserved 1093632K
  class space    used 6156K, capacity 6585K, committed 6656K, reserved 1048576K
}
Event: 14.280 GC heap after
{Heap after GC invocations=35 (full 0):
 garbage-first heap   total 181248K, used 38582K [0x0000000080000000, 0x0000000100000000)
  region size 1024K, 3 young (3072K), 3 survivors (3072K)
 Metaspace       used 48679K, capacity 49836K, committed 49920K, reserved 1093632K
  class space    used 6156K, capacity 6585K, committed 6656K, reserved 1048576K
}
Event: 14.531 GC heap before
{Heap before GC invocations=35 (full 0):
 garbage-first heap   total 181248K, used 143030K [0x0000000080000000, 0x0000000100000000)
  region size 1024K, 106 young (108544K), 3 survivors (3072K)
 Metaspace       used 48679K, capacity 49836K, committed 49920K, reserved 1093632K
  class space    used 6156K, capacity 6585K, committed 6656K, reserved 1048576K
}
Event: 14.533 GC heap after
{Heap after GC invocations=36 (full 0):
 garbage-first heap   total 181248K, used 38707K [0x0000000080000000, 0x0000000100000000)
  region size 1024K, 3 young (3072K), 3 survivors (3072K)
 Metaspace       used 48679K, capacity 49836K, committed 49920K, reserved 1093632K
  class space    used 6156K, capacity 6585K, committed 6656K, reserved 1048576K
}
Event: 14.847 GC heap before
{Heap before GC invocations=36 (full 0):
 garbage-first heap   total 181248K, used 144179K [0x0000000080000000, 0x0000000100000000)
  region size 1024K, 106 young (108544K), 3 survivors (3072K)
 Metaspace       used 48682K, capacity 49836K, committed 49920K, reserved 1093632K
  class space    used 6156K, capacity 6585K, committed 6656K, reserved 1048576K
}
Event: 14.849 GC heap after
{Heap after GC invocations=37 (full 0):
 garbage-first heap   total 181248K, used 39492K [0x0000000080000000, 0x0000000100000000)
  region size 1024K, 4 young (4096K), 4 survivors (4096K)
 Metaspace       used 48682K, capacity 49836K, committed 49920K, reserved 1093632K
  class space    used 6156K, capacity 6585K, committed 6656K, reserved 1048576K
}
Event: 15.051 GC heap before
{Heap before GC invocations=37 (full 0):
 garbage-first heap   total 181248K, used 143940K [0x0000000080000000, 0x0000000100000000)
  region size 1024K, 106 young (108544K), 4 survivors (4096K)
 Metaspace       used 48682K, capacity 49836K, committed 49920K, reserved 1093632K
  class space    used 6156K, capacity 6585K, committed 6656K, reserved 1048576K
}
Event: 15.053 GC heap after
{Heap after GC invocations=38 (full 0):
 garbage-first heap   total 181248K, used 40291K [0x0000000080000000, 0x0000000100000000)
  region size 1024K, 4 young (4096K), 4 survivors (4096K)
 Metaspace       used 48682K, capacity 49836K, committed 49920K, reserved 1093632K
  class space    used 6156K, capacity 6585K, committed 6656K, reserved 1048576K
}
Event: 15.267 GC heap before
{Heap before GC invocations=38 (full 0):
 garbage-first heap   total 181248K, used 144739K [0x0000000080000000, 0x0000000100000000)
  region size 1024K, 106 young (108544K), 4 survivors (4096K)
 Metaspace       used 48682K, capacity 49836K, committed 49920K, reserved 1093632K
  class space    used 6156K, capacity 6585K, committed 6656K, reserved 1048576K
}
Event: 15.269 GC heap after
{Heap after GC invocations=39 (full 0):
 garbage-first heap   total 181248K, used 40879K [0x0000000080000000, 0x0000000100000000)
  region size 1024K, 5 young (5120K), 5 survivors (5120K)
 Metaspace       used 48682K, capacity 49836K, committed 49920K, reserved 1093632K
  class space    used 6156K, capacity 6585K, committed 6656K, reserved 1048576K
}
Event: 15.526 GC heap before
{Heap before GC invocations=39 (full 0):
 garbage-first heap   total 181248K, used 144303K [0x0000000080000000, 0x0000000100000000)
  region size 1024K, 107 young (109568K), 5 survivors (5120K)
 Metaspace       used 48682K, capacity 49836K, committed 49920K, reserved 1093632K
  class space    used 6156K, capacity 6585K, committed 6656K, reserved 1048576K
}
Event: 15.528 GC heap after
{Heap after GC invocations=40 (full 0):
 garbage-first heap   total 181248K, used 41727K [0x0000000080000000, 0x0000000100000000)
  region size 1024K, 6 young (6144K), 6 survivors (6144K)
 Metaspace       used 48682K, capacity 49836K, committed 49920K, reserved 1093632K
  class space    used 6156K, capacity 6585K, committed 6656K, reserved 1048576K
}
Event: 15.996 GC heap before
{Heap before GC invocations=40 (full 0):
 garbage-first heap   total 181248K, used 144127K [0x0000000080000000, 0x0000000100000000)
  region size 1024K, 106 young (108544K), 6 survivors (6144K)
 Metaspace       used 48682K, capacity 49836K, committed 49920K, reserved 1093632K
  class space    used 6156K, capacity 6585K, committed 6656K, reserved 1048576K
}
Event: 15.999 GC heap after
{Heap after GC invocations=41 (full 0):
 garbage-first heap   total 181248K, used 39596K [0x0000000080000000, 0x0000000100000000)
  region size 1024K, 4 young (4096K), 4 survivors (4096K)
 Metaspace       used 48682K, capacity 49836K, committed 49920K, reserved 1093632K
  class space    used 6156K, capacity 6585K, committed 6656K, reserved 1048576K
}
Event: 16.555 GC heap before
{Heap before GC invocations=41 (full 0):
 garbage-first heap   total 181248K, used 144044K [0x0000000080000000, 0x0000000100000000)
  region size 1024K, 106 young (108544K), 4 survivors (4096K)
 Metaspace       used 48682K, capacity 49836K, committed 49920K, reserved 1093632K
  class space    used 6156K, capacity 6585K, committed 6656K, reserved 1048576K
}
Event: 16.557 GC heap after
{Heap after GC invocations=42 (full 0):
 garbage-first heap   total 181248K, used 40058K [0x0000000080000000, 0x0000000100000000)
  region size 1024K, 5 young (5120K), 5 survivors (5120K)
 Metaspace       used 48682K, capacity 49836K, committed 49920K, reserved 1093632K
  class space    used 6156K, capacity 6585K, committed 6656K, reserved 1048576K
}

Deoptimization events (20 events):
Event: 20.399 Thread 0x0000020885043000 Uncommon trap: trap_request=0xffffff4d fr.pc=0x00000208f236437c relative=0x00000000000001bc
Event: 20.399 Thread 0x0000020885043000 Uncommon trap: reason=unstable_if action=reinterpret pc=0x00000208f236437c method=java.util.Calendar.setTimeInMillis(J)V @ 6 c2
Event: 20.399 Thread 0x0000020885043000 DEOPT PACKING pc=0x00000208f236437c sp=0x00000064636fdd80
Event: 20.399 Thread 0x0000020885043000 DEOPT UNPACKING pc=0x00000208ea3b83af sp=0x00000064636fdc88 mode 2
Event: 20.401 Thread 0x0000020885043000 Uncommon trap: trap_request=0xffffffde fr.pc=0x00000208f225c5ec relative=0x0000000000005a4c
Event: 20.401 Thread 0x0000020885043000 Uncommon trap: reason=class_check action=maybe_recompile pc=0x00000208f225c5ec method=org.objectweb.asm.ClassReader.accept(Lorg/objectweb/asm/ClassVisitor;[Lorg/objectweb/asm/Attribute;I)V @ 675 c2
Event: 20.401 Thread 0x0000020885043000 DEOPT PACKING pc=0x00000208f225c5ec sp=0x00000064636fe0d0
Event: 20.401 Thread 0x0000020885043000 DEOPT UNPACKING pc=0x00000208ea3b83af sp=0x00000064636fe048 mode 2
Event: 20.401 Thread 0x0000020885043000 Uncommon trap: trap_request=0xffffffc6 fr.pc=0x00000208f232bf5c relative=0x0000000000000f5c
Event: 20.401 Thread 0x0000020885043000 Uncommon trap: reason=bimorphic_or_optimized_type_check action=maybe_recompile pc=0x00000208f232bf5c method=org.objectweb.asm.ClassVisitor.visitInnerClass(Ljava/lang/String;Ljava/lang/String;Ljava/lang/String;I)V @ 16 c2
Event: 20.401 Thread 0x0000020885043000 DEOPT PACKING pc=0x00000208f232bf5c sp=0x00000064636fdf60
Event: 20.401 Thread 0x0000020885043000 DEOPT UNPACKING pc=0x00000208ea3b83af sp=0x00000064636fdf50 mode 2
Event: 20.401 Thread 0x0000020885043000 Uncommon trap: trap_request=0xffffffde fr.pc=0x00000208f227fe1c relative=0x0000000000004b1c
Event: 20.401 Thread 0x0000020885043000 Uncommon trap: reason=class_check action=maybe_recompile pc=0x00000208f227fe1c method=org.objectweb.asm.ClassReader.readField(Lorg/objectweb/asm/ClassVisitor;Lorg/objectweb/asm/Context;I)I @ 332 c2
Event: 20.401 Thread 0x0000020885043000 DEOPT PACKING pc=0x00000208f227fe1c sp=0x00000064636fdf70
Event: 20.401 Thread 0x0000020885043000 DEOPT UNPACKING pc=0x00000208ea3b83af sp=0x00000064636fdf40 mode 2
Event: 20.401 Thread 0x0000020885043000 Uncommon trap: trap_request=0xffffffc6 fr.pc=0x00000208f2297df4 relative=0x00000000000009b4
Event: 20.401 Thread 0x0000020885043000 Uncommon trap: reason=bimorphic_or_optimized_type_check action=maybe_recompile pc=0x00000208f2297df4 method=org.objectweb.asm.MethodVisitor.visitLineNumber(ILorg/objectweb/asm/Label;)V @ 13 c2
Event: 20.401 Thread 0x0000020885043000 DEOPT PACKING pc=0x00000208f2297df4 sp=0x00000064636fdcf0
Event: 20.401 Thread 0x0000020885043000 DEOPT UNPACKING pc=0x00000208ea3b83af sp=0x00000064636fdcb8 mode 2

Classes redefined (0 events):
No events

Internal exceptions (20 events):
Event: 14.187 Thread 0x0000020885043000 Exception <a 'sun/nio/fs/WindowsException'{0x0000000087b97680}> (0x0000000087b97680) thrown at [./src/hotspot/share/prims/jni.cpp, line 615]
Event: 14.189 Thread 0x000002088503c800 Exception <a 'sun/nio/fs/WindowsException'{0x0000000088bf0d90}> (0x0000000088bf0d90) thrown at [./src/hotspot/share/prims/jni.cpp, line 615]
Event: 14.225 Thread 0x0000020887660000 Exception <a 'sun/nio/fs/WindowsException'{0x00000000867d5ff8}> (0x00000000867d5ff8) thrown at [./src/hotspot/share/prims/jni.cpp, line 615]
Event: 14.227 Thread 0x0000020887660000 Exception <a 'sun/nio/fs/WindowsException'{0x00000000867d61b0}> (0x00000000867d61b0) thrown at [./src/hotspot/share/prims/jni.cpp, line 615]
Event: 14.233 Thread 0x000002088784e000 Exception <a 'sun/nio/fs/WindowsException'{0x0000000086186588}> (0x0000000086186588) thrown at [./src/hotspot/share/prims/jni.cpp, line 615]
Event: 14.234 Thread 0x000002088784e000 Exception <a 'sun/nio/fs/WindowsException'{0x0000000086186748}> (0x0000000086186748) thrown at [./src/hotspot/share/prims/jni.cpp, line 615]
Event: 14.252 Thread 0x000002088503c800 Exception <a 'sun/nio/fs/WindowsException'{0x00000000855f67b8}> (0x00000000855f67b8) thrown at [./src/hotspot/share/prims/jni.cpp, line 615]
Event: 14.253 Thread 0x000002088503c800 Exception <a 'sun/nio/fs/WindowsException'{0x00000000855f6950}> (0x00000000855f6950) thrown at [./src/hotspot/share/prims/jni.cpp, line 615]
Event: 14.496 Thread 0x0000020887666000 Exception <a 'sun/nio/fs/WindowsException'{0x00000000855da6a0}> (0x00000000855da6a0) thrown at [./src/hotspot/share/prims/jni.cpp, line 615]
Event: 14.497 Thread 0x0000020887666000 Exception <a 'sun/nio/fs/WindowsException'{0x00000000855da848}> (0x00000000855da848) thrown at [./src/hotspot/share/prims/jni.cpp, line 615]
Event: 14.499 Thread 0x0000020887664800 Exception <a 'sun/nio/fs/WindowsException'{0x0000000086494998}> (0x0000000086494998) thrown at [./src/hotspot/share/prims/jni.cpp, line 615]
Event: 14.500 Thread 0x0000020887664800 Exception <a 'sun/nio/fs/WindowsException'{0x0000000086494b50}> (0x0000000086494b50) thrown at [./src/hotspot/share/prims/jni.cpp, line 615]
Event: 15.618 Thread 0x0000020887666800 Exception <a 'sun/nio/fs/WindowsException'{0x000000008a2a80f0}> (0x000000008a2a80f0) thrown at [./src/hotspot/share/prims/jni.cpp, line 615]
Event: 15.619 Thread 0x0000020887666800 Exception <a 'sun/nio/fs/WindowsException'{0x000000008a2a8280}> (0x000000008a2a8280) thrown at [./src/hotspot/share/prims/jni.cpp, line 615]
Event: 16.721 Thread 0x0000020885044800 Exception <a 'sun/nio/fs/WindowsException'{0x0000000088cfb460}> (0x0000000088cfb460) thrown at [./src/hotspot/share/prims/jni.cpp, line 615]
Event: 16.722 Thread 0x0000020885044800 Exception <a 'sun/nio/fs/WindowsException'{0x0000000088cfb5f0}> (0x0000000088cfb5f0) thrown at [./src/hotspot/share/prims/jni.cpp, line 615]
Event: 20.394 Thread 0x0000020885043000 Exception <a 'sun/nio/fs/WindowsException'{0x0000000088586b60}> (0x0000000088586b60) thrown at [./src/hotspot/share/prims/jni.cpp, line 615]
Event: 20.402 Thread 0x0000020885043000 Exception <a 'sun/nio/fs/WindowsException'{0x00000000885dbc28}> (0x00000000885dbc28) thrown at [./src/hotspot/share/prims/jni.cpp, line 615]
Event: 20.403 Thread 0x0000020885043000 Exception <a 'sun/nio/fs/WindowsException'{0x00000000885dbd90}> (0x00000000885dbd90) thrown at [./src/hotspot/share/prims/jni.cpp, line 615]
Event: 20.416 Thread 0x0000020883d51000 Exception <a 'java/lang/ClassNotFoundException'{0x0000000088406c58}: build_1irbwgt0nyhtzt011b6lsa27iBeanInfo> (0x0000000088406c58) thrown at [./src/hotspot/share/classfile/systemDictionary.cpp, line 231]

Events (20 events):
Event: 20.353 loading class org/gradle/internal/io/IoSupplier
Event: 20.353 loading class org/gradle/internal/io/IoSupplier done
Event: 20.366 loading class org/gradle/internal/fingerprint/impl/IgnoredPathFileSystemLocationFingerprint
Event: 20.366 loading class org/gradle/internal/fingerprint/impl/IgnoredPathFileSystemLocationFingerprint done
Event: 20.366 loading class org/gradle/internal/fingerprint/impl/IgnoredPathFileSystemLocationFingerprint$1
Event: 20.366 loading class org/gradle/internal/fingerprint/impl/IgnoredPathFileSystemLocationFingerprint$1 done
Event: 20.374 loading class org/gradle/internal/fingerprint/FingerprintHashingStrategy
Event: 20.374 loading class org/gradle/internal/fingerprint/FingerprintHashingStrategy done
Event: 20.375 loading class org/gradle/internal/fingerprint/FingerprintHashingStrategy$1
Event: 20.375 loading class org/gradle/internal/fingerprint/FingerprintHashingStrategy$1 done
Event: 20.375 loading class org/gradle/internal/fingerprint/FingerprintHashingStrategy$2
Event: 20.375 loading class org/gradle/internal/fingerprint/FingerprintHashingStrategy$2 done
Event: 20.415 loading class groovy/runtime/metaclass/build_1irbwgt0nyhtzt011b6lsa27iMetaClass
Event: 20.415 loading class groovy/runtime/metaclass/build_1irbwgt0nyhtzt011b6lsa27iMetaClass done
Event: 20.416 loading class build_1irbwgt0nyhtzt011b6lsa27iBeanInfo
Event: 20.416 loading class build_1irbwgt0nyhtzt011b6lsa27iBeanInfo done
Event: 20.416 loading class build_1irbwgt0nyhtzt011b6lsa27iBeanInfo
Event: 20.416 loading class build_1irbwgt0nyhtzt011b6lsa27iBeanInfo done
Event: 20.416 loading class build_1irbwgt0nyhtzt011b6lsa27iCustomizer
Event: 20.416 loading class build_1irbwgt0nyhtzt011b6lsa27iCustomizer done


Dynamic libraries:
0x00007ff7cff20000 - 0x00007ff7cff2a000 	C:\Program Files\Android\Android Studio\jre\bin\java.exe
0x00007ffd75510000 - 0x00007ffd75708000 	C:\WINDOWS\SYSTEM32\ntdll.dll
0x00007ffd739e0000 - 0x00007ffd73a9f000 	C:\WINDOWS\System32\KERNEL32.DLL
0x00007ffd72e30000 - 0x00007ffd73102000 	C:\WINDOWS\System32\KERNELBASE.dll
0x00007ffd72d30000 - 0x00007ffd72e30000 	C:\WINDOWS\System32\ucrtbase.dll
0x00007ffd5d300000 - 0x00007ffd5d317000 	C:\Program Files\Android\Android Studio\jre\bin\VCRUNTIME140.dll
0x00007ffd5c9f0000 - 0x00007ffd5ca09000 	C:\Program Files\Android\Android Studio\jre\bin\jli.dll
0x00007ffd74bd0000 - 0x00007ffd74d71000 	C:\WINDOWS\System32\USER32.dll
0x00007ffd72cb0000 - 0x00007ffd72cd2000 	C:\WINDOWS\System32\win32u.dll
0x00007ffd72000000 - 0x00007ffd7229a000 	C:\WINDOWS\WinSxS\amd64_microsoft.windows.common-controls_6595b64144ccf1df_6.0.19041.1110_none_60b5254171f9507e\COMCTL32.dll
0x00007ffd74230000 - 0x00007ffd7425b000 	C:\WINDOWS\System32\GDI32.dll
0x00007ffd74ea0000 - 0x00007ffd74f3e000 	C:\WINDOWS\System32\msvcrt.dll
0x00007ffd733b0000 - 0x00007ffd734bf000 	C:\WINDOWS\System32\gdi32full.dll
0x00007ffd732a0000 - 0x00007ffd7333d000 	C:\WINDOWS\System32\msvcp_win.dll
0x00007ffd74e60000 - 0x00007ffd74e92000 	C:\WINDOWS\System32\IMM32.DLL
0x00007ffd32560000 - 0x00007ffd325fd000 	C:\Program Files\Android\Android Studio\jre\bin\msvcp140.dll
0x00007ffced100000 - 0x00007ffcedbd5000 	C:\Program Files\Android\Android Studio\jre\bin\server\jvm.dll
0x00007ffd74180000 - 0x00007ffd7422e000 	C:\WINDOWS\System32\ADVAPI32.dll
0x00007ffd75310000 - 0x00007ffd753ac000 	C:\WINDOWS\System32\sechost.dll
0x00007ffd73aa0000 - 0x00007ffd73bc5000 	C:\WINDOWS\System32\RPCRT4.dll
0x00007ffd73550000 - 0x00007ffd73558000 	C:\WINDOWS\System32\PSAPI.DLL
0x00007ffd54b80000 - 0x00007ffd54ba7000 	C:\WINDOWS\SYSTEM32\WINMM.dll
0x00007ffd6fea0000 - 0x00007ffd6feaa000 	C:\WINDOWS\SYSTEM32\VERSION.dll
0x00007ffd6b260000 - 0x00007ffd6b269000 	C:\WINDOWS\SYSTEM32\WSOCK32.dll
0x00007ffd752a0000 - 0x00007ffd7530b000 	C:\WINDOWS\System32\ws2_32.DLL
0x00007ffd6fc80000 - 0x00007ffd6fc92000 	C:\WINDOWS\SYSTEM32\kernel.appcore.dll
0x00007ffd5bbc0000 - 0x00007ffd5bbd1000 	C:\Program Files\Android\Android Studio\jre\bin\verify.dll
0x00007ffd725b0000 - 0x00007ffd72794000 	C:\WINDOWS\SYSTEM32\DBGHELP.DLL
0x00007ffd72570000 - 0x00007ffd725a5000 	C:\WINDOWS\SYSTEM32\dbgcore.DLL
0x00007ffd734c0000 - 0x00007ffd73542000 	C:\WINDOWS\System32\bcryptPrimitives.dll
0x00007ffd5aab0000 - 0x00007ffd5aad9000 	C:\Program Files\Android\Android Studio\jre\bin\java.dll
0x00007ffd62550000 - 0x00007ffd6255b000 	C:\Program Files\Android\Android Studio\jre\bin\jimage.dll
0x00007ffd48a50000 - 0x00007ffd48a68000 	C:\Program Files\Android\Android Studio\jre\bin\zip.dll
0x00007ffd74480000 - 0x00007ffd74bc4000 	C:\WINDOWS\System32\SHELL32.dll
0x00007ffd6feb0000 - 0x00007ffd70642000 	C:\WINDOWS\SYSTEM32\windows.storage.dll
0x00007ffd74f40000 - 0x00007ffd75295000 	C:\WINDOWS\System32\combase.dll
0x00007ffd71f60000 - 0x00007ffd71f90000 	C:\WINDOWS\SYSTEM32\Wldp.dll
0x00007ffd73bd0000 - 0x00007ffd73c7d000 	C:\WINDOWS\System32\SHCORE.dll
0x00007ffd74120000 - 0x00007ffd74175000 	C:\WINDOWS\System32\shlwapi.dll
0x00007ffd72b40000 - 0x00007ffd72b5f000 	C:\WINDOWS\SYSTEM32\profapi.dll
0x00007ffd48a30000 - 0x00007ffd48a4a000 	C:\Program Files\Android\Android Studio\jre\bin\net.dll
0x00007ffd6c0c0000 - 0x00007ffd6c1cc000 	C:\WINDOWS\SYSTEM32\WINHTTP.dll
0x00007ffd71e50000 - 0x00007ffd71eba000 	C:\WINDOWS\system32\mswsock.dll
0x00007ffd48a10000 - 0x00007ffd48a24000 	C:\Program Files\Android\Android Studio\jre\bin\nio.dll
0x00007ffd5e690000 - 0x00007ffd5e6b7000 	C:\Users\Arshd\.gradle\native\e1d6ef7f7dcc3fd88c89a11ec53ec762bb8ba0a96d01ffa2cd45eb1d1d8dd5c5\windows-amd64\native-platform.dll
0x00007ffcffd70000 - 0x00007ffcffeb4000 	C:\Users\Arshd\.gradle\native\5664cfc778a61ccfe75a443a1ab52a65af34e5dc3c78e0209fed803814484fcb\windows-amd64\native-platform-file-events.dll
0x00007ffd5e5e0000 - 0x00007ffd5e5ea000 	C:\Program Files\Android\Android Studio\jre\bin\management.dll
0x00007ffd5cf50000 - 0x00007ffd5cf5d000 	C:\Program Files\Android\Android Studio\jre\bin\management_ext.dll
0x00007ffd72990000 - 0x00007ffd729a8000 	C:\WINDOWS\SYSTEM32\CRYPTSP.dll
0x00007ffd71640000 - 0x00007ffd71674000 	C:\WINDOWS\system32\rsaenh.dll
0x00007ffd73110000 - 0x00007ffd73137000 	C:\WINDOWS\System32\bcrypt.dll
0x00007ffd72ac0000 - 0x00007ffd72aee000 	C:\WINDOWS\SYSTEM32\USERENV.dll
0x00007ffd71f20000 - 0x00007ffd71f2c000 	C:\WINDOWS\SYSTEM32\CRYPTBASE.dll
0x00007ffd719d0000 - 0x00007ffd71a0b000 	C:\WINDOWS\SYSTEM32\IPHLPAPI.DLL
0x00007ffd739d0000 - 0x00007ffd739d8000 	C:\WINDOWS\System32\NSI.dll
0x00007ffd62020000 - 0x00007ffd62037000 	C:\WINDOWS\SYSTEM32\dhcpcsvc6.DLL
0x00007ffd63230000 - 0x00007ffd6324d000 	C:\WINDOWS\SYSTEM32\dhcpcsvc.DLL
0x00007ffd71a10000 - 0x00007ffd71ada000 	C:\WINDOWS\SYSTEM32\DNSAPI.dll

dbghelp: loaded successfully - version: 4.0.5 - missing functions: none
symbol engine: initialized successfully - sym options: 0x614 - pdb path: .;C:\Program Files\Android\Android Studio\jre\bin;C:\WINDOWS\SYSTEM32;C:\WINDOWS\WinSxS\amd64_microsoft.windows.common-controls_6595b64144ccf1df_6.0.19041.1110_none_60b5254171f9507e;C:\Program Files\Android\Android Studio\jre\bin\server;C:\Users\Arshd\.gradle\native\e1d6ef7f7dcc3fd88c89a11ec53ec762bb8ba0a96d01ffa2cd45eb1d1d8dd5c5\windows-amd64;C:\Users\Arshd\.gradle\native\5664cfc778a61ccfe75a443a1ab52a65af34e5dc3c78e0209fed803814484fcb\windows-amd64

VM Arguments:
jvm_args: --add-opens=java.base/java.util=ALL-UNNAMED --add-opens=java.base/java.lang=ALL-UNNAMED --add-opens=java.base/java.lang.invoke=ALL-UNNAMED --add-opens=java.base/java.util=ALL-UNNAMED --add-opens=java.prefs/java.util.prefs=ALL-UNNAMED --add-opens=java.prefs/java.util.prefs=ALL-UNNAMED --add-opens=java.base/java.nio.charset=ALL-UNNAMED --add-opens=java.base/java.net=ALL-UNNAMED --add-opens=java.base/java.util.concurrent.atomic=ALL-UNNAMED -Xmx2048m -Dfile.encoding=UTF-8 -Duser.country=CA -Duser.language=en -Duser.variant 
java_command: org.gradle.launcher.daemon.bootstrap.GradleDaemon 7.2
java_class_path (initial): C:\Users\Arshd\.gradle\wrapper\dists\gradle-7.2-bin\2dnblmf4td7x66yl1d74lt32g\gradle-7.2\lib\gradle-launcher-7.2.jar
Launcher Type: SUN_STANDARD

[Global flags]
     intx CICompilerCount                          = 4                                         {product} {ergonomic}
     uint ConcGCThreads                            = 2                                         {product} {ergonomic}
     uint G1ConcRefinementThreads                  = 8                                         {product} {ergonomic}
   size_t G1HeapRegionSize                         = 1048576                                   {product} {ergonomic}
    uintx GCDrainStackTargetSize                   = 64                                        {product} {ergonomic}
   size_t InitialHeapSize                          = 127926272                                 {product} {ergonomic}
   size_t MarkStackSize                            = 4194304                                   {product} {ergonomic}
   size_t MaxHeapSize                              = 2147483648                                {product} {command line}
   size_t MaxNewSize                               = 1287651328                                {product} {ergonomic}
   size_t MinHeapDeltaBytes                        = 1048576                                   {product} {ergonomic}
    uintx NonNMethodCodeHeapSize                   = 5836300                                {pd product} {ergonomic}
    uintx NonProfiledCodeHeapSize                  = 122910970                              {pd product} {ergonomic}
    uintx ProfiledCodeHeapSize                     = 122910970                              {pd product} {ergonomic}
    uintx ReservedCodeCacheSize                    = 251658240                              {pd product} {ergonomic}
     bool SegmentedCodeCache                       = true                                      {product} {ergonomic}
     bool UseCompressedClassPointers               = true                                 {lp64_product} {ergonomic}
     bool UseCompressedOops                        = true                                 {lp64_product} {ergonomic}
     bool UseG1GC                                  = true                                      {product} {ergonomic}
     bool UseLargePagesIndividualAllocation        = false                                  {pd product} {ergonomic}

Logging:
Log output configuration:
 #0: stdout all=warning uptime,level,tags
 #1: stderr all=off uptime,level,tags

Environment Variables:
PATH=C:\Python310\Scripts\;C:\Python310\;C:\Program Files (x86)\Common Files\Oracle\Java\javapath;C:\WINDOWS\system32;C:\WINDOWS;C:\WINDOWS\System32\Wbem;C:\WINDOWS\System32\WindowsPowerShell\v1.0\;C:\WINDOWS\System32\OpenSSH\;C:\Program Files\Git\cmd;C:\Program Files\nodejs\;C:\ProgramData\chocolatey\bin;C:\Program Files (x86)\NetSarang\Xmanager 7\;C:\Program Files (x86)\NetSarang\Xshell 7\;C:\Program Files (x86)\NetSarang\Xftp 7\;C:\Program Files (x86)\NetSarang\Xlpd 7\;C:\Program Files\Java\jre1.8.0_311\legal\jdk;C:\Users\Arshd\AppData\Local\Programs\Microsoft VS Code\bin;C:\Users\Arshd\AppData\Roaming\npm;
USERNAME=Arshd
OS=Windows_NT
PROCESSOR_IDENTIFIER=Intel64 Family 6 Model 126 Stepping 5, GenuineIntel



---------------  S Y S T E M  ---------------

OS: Windows 10 , 64 bit Build 19041 (10.0.19041.2364)
OS uptime: 5 days 22:06 hours

CPU:total 8 (initial active 8) (4 cores per cpu, 2 threads per core) family 6 model 126 stepping 5 microcode 0xb0, cmov, cx8, fxsr, mmx, sse, sse2, sse3, ssse3, sse4.1, sse4.2, popcnt, avx, avx2, aes, clmul, erms, 3dnowpref, lzcnt, ht, tsc, tscinvbit, bmi1, bmi2, adx, evex, sha, fma

Memory: 4k page, system-wide physical 7778M (206M free)
TotalPageFile size 31330M (AvailPageFile size 0M)
current process WorkingSet (physical memory assigned to process): 353M, peak: 386M
current process commit charge ("private bytes"): 398M, peak: 426M

vm_info: OpenJDK 64-Bit Server VM (11.0.11+9-b60-7590822) for windows-amd64 JRE (11.0.11+9-b60-7590822), built on Jul 29 2021 21:43:44 by "builder" with MS VC++ 14.0 (VS2015)

END.
